[debug] [2022-07-12T07:22:53.206Z] ----------------------------------------------------------------------
[debug] [2022-07-12T07:22:53.208Z] Command:       C:\Program Files\nodejs\node.exe C:\Users\Hp\AppData\Roaming\npm\node_modules\firebase-tools\lib\bin\firebase.js emulators:start
[debug] [2022-07-12T07:22:53.208Z] CLI Version:   11.0.1
[debug] [2022-07-12T07:22:53.208Z] Platform:      win32
[debug] [2022-07-12T07:22:53.208Z] Node Version:  v16.14.2
[debug] [2022-07-12T07:22:53.209Z] Time:          Tue Jul 12 2022 11:22:53 GMT+0400 (Azerbaycan Standart Saati)
[debug] [2022-07-12T07:22:53.210Z] ----------------------------------------------------------------------
[debug] 
[debug] [2022-07-12T07:22:53.214Z] >>> [apiv2][query] GET https://firebase-public.firebaseio.com/cli.json [none]
[debug] [2022-07-12T07:22:53.302Z] > command requires scopes: ["email","openid","https://www.googleapis.com/auth/cloudplatformprojects.readonly","https://www.googleapis.com/auth/firebase","https://www.googleapis.com/auth/cloud-platform"]
[debug] [2022-07-12T07:22:53.302Z] > authorizing via signed-in user (ikramzulfugarcodein@gmail.com)
[info] i  emulators: Starting emulators: functions {"metadata":{"emulator":{"name":"hub"},"message":"Starting emulators: functions"}}
[debug] [2022-07-12T07:22:53.321Z] [hub] writing locator at C:\Users\Hp\AppData\Local\Temp\hub-clone-e3c83.json
[warn] !  functions: The following emulators are not running, calls to these services from the Functions emulator will affect production: auth, firestore, database, hosting, pubsub, storage {"metadata":{"emulator":{"name":"functions"},"message":"The following emulators are not running, calls to these services from the Functions emulator will affect production: \u001b[1mauth, firestore, database, hosting, pubsub, storage\u001b[22m"}}
[info] +  functions: Using node@16 from host. {"metadata":{"emulator":{"name":"functions"},"message":"Using node@16 from host."}}
[debug] [2022-07-12T07:22:53.663Z] defaultcredentials: writing to file C:\Users\Hp\AppData\Roaming\firebase\ikramzulfugarcodein_gmail_com_application_default_credentials.json
[debug] [2022-07-12T07:22:53.672Z] Setting GAC to C:\Users\Hp\AppData\Roaming\firebase\ikramzulfugarcodein_gmail_com_application_default_credentials.json {"metadata":{"emulator":{"name":"functions"},"message":"Setting GAC to C:\\Users\\Hp\\AppData\\Roaming\\firebase\\ikramzulfugarcodein_gmail_com_application_default_credentials.json"}}
[debug] [2022-07-12T07:22:53.674Z] > refreshing access token with scopes: []
[debug] [2022-07-12T07:22:53.677Z] >>> HTTP REQUEST POST https://www.googleapis.com/oauth2/v3/token  
 <request body omitted>
[debug] [2022-07-12T07:22:53.879Z] <<< [apiv2][status] GET https://firebase-public.firebaseio.com/cli.json 200
[debug] [2022-07-12T07:22:53.879Z] <<< [apiv2][body] GET https://firebase-public.firebaseio.com/cli.json {"cloudBuildErrorAfter":1594252800000,"cloudBuildWarnAfter":1590019200000,"defaultNode10After":1594252800000,"minVersion":"3.0.5","node8DeploysDisabledAfter":1613390400000,"node8RuntimeDisabledAfter":1615809600000,"node8WarnAfter":1600128000000}
[debug] [2022-07-12T07:22:53.967Z] <<< HTTP RESPONSE 200 {"cache-control":"no-cache, no-store, max-age=0, must-revalidate","expires":"Mon, 01 Jan 1990 00:00:00 GMT","date":"Tue, 12 Jul 2022 07:23:02 GMT","pragma":"no-cache","content-type":"application/json; charset=utf-8","vary":"X-Origin, Referer, Origin,Accept-Encoding","server":"scaffolding on HTTPServer2","x-xss-protection":"0","x-frame-options":"SAMEORIGIN","x-content-type-options":"nosniff","alt-svc":"h3=\":443\"; ma=2592000,h3-29=\":443\"; ma=2592000,h3-Q050=\":443\"; ma=2592000,h3-Q046=\":443\"; ma=2592000,h3-Q043=\":443\"; ma=2592000,quic=\":443\"; ma=2592000; v=\"46,43\"","accept-ranges":"none","transfer-encoding":"chunked"}
[debug] [2022-07-12T07:22:53.978Z] >>> [apiv2][query] GET https://firebase.googleapis.com/v1beta1/projects/clone-e3c83/adminSdkConfig [none]
[debug] [2022-07-12T07:22:54.583Z] <<< [apiv2][status] GET https://firebase.googleapis.com/v1beta1/projects/clone-e3c83/adminSdkConfig 200
[debug] [2022-07-12T07:22:54.584Z] <<< [apiv2][body] GET https://firebase.googleapis.com/v1beta1/projects/clone-e3c83/adminSdkConfig {"projectId":"clone-e3c83","storageBucket":"clone-e3c83.appspot.com"}
[debug] [2022-07-12T07:22:54.603Z] Ignoring unsupported arg: auto_download {"metadata":{"emulator":{"name":"ui"},"message":"Ignoring unsupported arg: auto_download"}}
[debug] [2022-07-12T07:22:54.604Z] Ignoring unsupported arg: port {"metadata":{"emulator":{"name":"ui"},"message":"Ignoring unsupported arg: port"}}
[debug] [2022-07-12T07:22:54.604Z] Starting Emulator UI with command {"binary":"node","args":["--dns-result-order=ipv4first","C:\\Users\\Hp\\.cache\\firebase\\emulators\\ui-v1.7.0\\server.bundle.js"],"optionalArgs":[],"joinArgs":false} {"metadata":{"emulator":{"name":"ui"},"message":"Starting Emulator UI with command {\"binary\":\"node\",\"args\":[\"--dns-result-order=ipv4first\",\"C:\\\\Users\\\\Hp\\\\.cache\\\\firebase\\\\emulators\\\\ui-v1.7.0\\\\server.bundle.js\"],\"optionalArgs\":[],\"joinArgs\":false}"}}
[info] i  ui: Emulator UI logging to ui-debug.log {"metadata":{"emulator":{"name":"ui"},"message":"Emulator UI logging to \u001b[1mui-debug.log\u001b[22m"}}
[debug] [2022-07-12T07:22:54.814Z] Web / API server started at localhost:4000
 {"metadata":{"emulator":{"name":"ui"},"message":"Web / API server started at localhost:4000\n"}}
[info] i  functions: Watching "C:\Users\Hp\Desktop\React\Amazon Clone\amazon-clone\functions" for Cloud Functions... {"metadata":{"emulator":{"name":"functions"},"message":"Watching \"C:\\Users\\Hp\\Desktop\\React\\Amazon Clone\\amazon-clone\\functions\" for Cloud Functions..."}}
[debug] [2022-07-12T07:22:54.877Z] Validating nodejs source
[debug] [2022-07-12T07:22:58.227Z] > [functions] package.json contents: {
  "name": "functions",
  "description": "Cloud Functions for Firebase",
  "scripts": {
    "lint": "eslint .",
    "serve": "firebase emulators:start --only functions",
    "shell": "firebase functions:shell",
    "start": "npm run shell",
    "deploy": "firebase deploy --only functions",
    "logs": "firebase functions:log"
  },
  "engines": {
    "node": "16"
  },
  "main": "index.js",
  "dependencies": {
    "cors": "^2.8.5",
    "dotenv": "^16.0.1",
    "express": "^4.18.1",
    "firebase-admin": "^10.0.2",
    "firebase-functions": "^3.18.0",
    "stripe": "^9.12.0"
  },
  "devDependencies": {
    "eslint": "^8.9.0",
    "eslint-config-google": "^0.14.0",
    "firebase-functions-test": "^0.2.0"
  },
  "private": true
}
[debug] [2022-07-12T07:22:58.228Z] Building nodejs source
[debug] [2022-07-12T07:22:58.228Z] Analyzing nodejs backend spec
[debug] [2022-07-12T07:22:58.229Z] Could not find functions.yaml. Must use http discovery
[debug] [2022-07-12T07:22:58.624Z] Serving at port 9005

[debug] [2022-07-12T07:22:58.844Z] Got response from /__/functions.yaml {"endpoints":{"api":{"platform":"gcfv1","httpsTrigger":{},"entryPoint":"api"}},"specVersion":"v1alpha1","requiredAPIs":[]}
[debug] [2022-07-12T07:22:58.853Z] shutdown requested via /__/quitquitquit

[info] +  functions[us-central1-api]: http function initialized (http://localhost:5001/clone-e3c83/us-central1/api). {"metadata":{"emulator":{"name":"functions"},"message":"\u001b[1mhttp\u001b[22m function initialized (http://localhost:5001/clone-e3c83/us-central1/api)."}}
[info] 
┌─────────────────────────────────────────────────────────────┐
│ ✔  All emulators ready! It is now safe to connect your app. │
│ i  View Emulator UI at http://localhost:4000                │
└─────────────────────────────────────────────────────────────┘

┌───────────┬────────────────┬─────────────────────────────────┐
│ Emulator  │ Host:Port      │ View in Emulator UI             │
├───────────┼────────────────┼─────────────────────────────────┤
│ Functions │ localhost:5001 │ http://localhost:4000/functions │
└───────────┴────────────────┴─────────────────────────────────┘
  Emulator Hub running at localhost:4400
  Other reserved ports: 4500

Issues? Report them at https://github.com/firebase/firebase-tools/issues and attach the *-debug.log files.
 
[debug] [2022-07-12T07:23:05.369Z] [work-queue] {"queueLength":1,"workRunningCount":0}
[debug] [2022-07-12T07:23:05.370Z] [work-queue] {"queueLength":0,"workRunningCount":1}
[debug] [2022-07-12T07:23:05.371Z] Accepted request POST /clone-e3c83/us-central1/api/payments/create?total=30398 --> us-central1-api
[info] i  functions: Loaded environment variables from .env. 
[debug] [2022-07-12T07:23:05.397Z] [worker-pool] addWorker(us-central1-api) {"metadata":{"emulator":{"name":"functions"},"message":"[worker-pool] addWorker(us-central1-api)"}}
[debug] [2022-07-12T07:23:05.397Z] [worker-pool] Adding worker with key us-central1-api, total=1 {"metadata":{"emulator":{"name":"functions"},"message":"[worker-pool] Adding worker with key us-central1-api, total=1"}}
[debug] [2022-07-12T07:23:05.397Z] [worker-pool] submitWork(triggerId=us-central1-api) {"metadata":{"emulator":{"name":"functions"},"message":"[worker-pool] submitWork(triggerId=us-central1-api)"}}
[debug] [2022-07-12T07:23:05.398Z] [worker-us-central1-api-d0b1e915-af33-409f-9d9e-7e8096db1916]: Assigning socketPath: \\?\pipe\C:\Users\Hp\Desktop\React\Amazon Clone\amazon-clone\functions\12196 {"metadata":{"emulator":{"name":"functions"},"message":"[worker-us-central1-api-d0b1e915-af33-409f-9d9e-7e8096db1916]: Assigning socketPath: \\\\?\\pipe\\C:\\Users\\Hp\\Desktop\\React\\Amazon Clone\\amazon-clone\\functions\\12196"}}
[debug] [2022-07-12T07:23:05.398Z] [worker-us-central1-api-d0b1e915-af33-409f-9d9e-7e8096db1916]: BUSY {"metadata":{"emulator":{"name":"functions"},"message":"[worker-us-central1-api-d0b1e915-af33-409f-9d9e-7e8096db1916]: BUSY"}}
[debug] [2022-07-12T07:23:05.401Z] [work-queue] {"queueLength":1,"workRunningCount":1}
[debug] [2022-07-12T07:23:05.401Z] [work-queue] {"queueLength":0,"workRunningCount":2}
[debug] [2022-07-12T07:23:05.401Z] Accepted request POST /clone-e3c83/us-central1/api/payments/create?total=30398 --> us-central1-api
[info] i  functions: Loaded environment variables from .env. 
[debug] [2022-07-12T07:23:05.414Z] [worker-pool] addWorker(us-central1-api) {"metadata":{"emulator":{"name":"functions"},"message":"[worker-pool] addWorker(us-central1-api)"}}
[debug] [2022-07-12T07:23:05.415Z] [worker-pool] Adding worker with key us-central1-api, total=2 {"metadata":{"emulator":{"name":"functions"},"message":"[worker-pool] Adding worker with key us-central1-api, total=2"}}
[debug] [2022-07-12T07:23:05.415Z] [worker-pool] submitWork(triggerId=us-central1-api) {"metadata":{"emulator":{"name":"functions"},"message":"[worker-pool] submitWork(triggerId=us-central1-api)"}}
[debug] [2022-07-12T07:23:05.415Z] [worker-us-central1-api-c520b7dd-4574-4b75-9914-3e6eee8df1af]: Assigning socketPath: \\?\pipe\C:\Users\Hp\Desktop\React\Amazon Clone\amazon-clone\functions\4160 {"metadata":{"emulator":{"name":"functions"},"message":"[worker-us-central1-api-c520b7dd-4574-4b75-9914-3e6eee8df1af]: Assigning socketPath: \\\\?\\pipe\\C:\\Users\\Hp\\Desktop\\React\\Amazon Clone\\amazon-clone\\functions\\4160"}}
[debug] [2022-07-12T07:23:05.415Z] [worker-us-central1-api-c520b7dd-4574-4b75-9914-3e6eee8df1af]: BUSY {"metadata":{"emulator":{"name":"functions"},"message":"[worker-us-central1-api-c520b7dd-4574-4b75-9914-3e6eee8df1af]: BUSY"}}
[debug] [2022-07-12T07:23:07.984Z] [runtime-status] [4160] Functions runtime initialized. {"cwd":"C:\\Users\\Hp\\Desktop\\React\\Amazon Clone\\amazon-clone\\functions","node_version":"16.14.2"} {"metadata":{"emulator":{"name":"functions"},"function":{"name":"us-central1-api"},"extension":{},"message":"[runtime-status] [4160] Functions runtime initialized. {\"cwd\":\"C:\\\\Users\\\\Hp\\\\Desktop\\\\React\\\\Amazon Clone\\\\amazon-clone\\\\functions\",\"node_version\":\"16.14.2\"}"}}
[debug] [2022-07-12T07:23:07.985Z] [runtime-status] [12196] Functions runtime initialized. {"cwd":"C:\\Users\\Hp\\Desktop\\React\\Amazon Clone\\amazon-clone\\functions","node_version":"16.14.2"} {"metadata":{"emulator":{"name":"functions"},"function":{"name":"us-central1-api"},"extension":{},"message":"[runtime-status] [12196] Functions runtime initialized. {\"cwd\":\"C:\\\\Users\\\\Hp\\\\Desktop\\\\React\\\\Amazon Clone\\\\amazon-clone\\\\functions\",\"node_version\":\"16.14.2\"}"}}
[debug] [2022-07-12T07:23:07.986Z] [runtime-status] [4160] Disabled runtime features: undefined {"metadata":{"emulator":{"name":"functions"},"function":{"name":"us-central1-api"},"extension":{},"message":"[runtime-status] [4160] Disabled runtime features: undefined"}}
[debug] [2022-07-12T07:23:07.987Z] [runtime-status] [12196] Disabled runtime features: undefined {"metadata":{"emulator":{"name":"functions"},"function":{"name":"us-central1-api"},"extension":{},"message":"[runtime-status] [12196] Disabled runtime features: undefined"}}
[debug] [2022-07-12T07:23:07.987Z] [runtime-status] [4160] Resolved module firebase-admin {"declared":true,"installed":true,"version":"10.3.0","resolution":"C:\\Users\\Hp\\Desktop\\React\\Amazon Clone\\amazon-clone\\functions\\node_modules\\firebase-admin\\lib\\index.js"} {"metadata":{"emulator":{"name":"functions"},"function":{"name":"us-central1-api"},"extension":{},"message":"[runtime-status] [4160] Resolved module firebase-admin {\"declared\":true,\"installed\":true,\"version\":\"10.3.0\",\"resolution\":\"C:\\\\Users\\\\Hp\\\\Desktop\\\\React\\\\Amazon Clone\\\\amazon-clone\\\\functions\\\\node_modules\\\\firebase-admin\\\\lib\\\\index.js\"}"}}
[debug] [2022-07-12T07:23:07.990Z] [runtime-status] [4160] Resolved module firebase-functions {"declared":true,"installed":true,"version":"3.22.0","resolution":"C:\\Users\\Hp\\Desktop\\React\\Amazon Clone\\amazon-clone\\functions\\node_modules\\firebase-functions\\lib\\index.js"} {"metadata":{"emulator":{"name":"functions"},"function":{"name":"us-central1-api"},"extension":{},"message":"[runtime-status] [4160] Resolved module firebase-functions {\"declared\":true,\"installed\":true,\"version\":\"3.22.0\",\"resolution\":\"C:\\\\Users\\\\Hp\\\\Desktop\\\\React\\\\Amazon Clone\\\\amazon-clone\\\\functions\\\\node_modules\\\\firebase-functions\\\\lib\\\\index.js\"}"}}
[debug] [2022-07-12T07:23:07.991Z] [runtime-status] [4160] Outgoing network have been stubbed. [{"name":"http","status":"mocked"},{"name":"http","status":"mocked"},{"name":"https","status":"mocked"},{"name":"https","status":"mocked"},{"name":"net","status":"mocked"}] {"metadata":{"emulator":{"name":"functions"},"function":{"name":"us-central1-api"},"extension":{},"message":"[runtime-status] [4160] Outgoing network have been stubbed. [{\"name\":\"http\",\"status\":\"mocked\"},{\"name\":\"http\",\"status\":\"mocked\"},{\"name\":\"https\",\"status\":\"mocked\"},{\"name\":\"https\",\"status\":\"mocked\"},{\"name\":\"net\",\"status\":\"mocked\"}]"}}
[debug] [2022-07-12T07:23:07.991Z] [runtime-status] [12196] Resolved module firebase-admin {"declared":true,"installed":true,"version":"10.3.0","resolution":"C:\\Users\\Hp\\Desktop\\React\\Amazon Clone\\amazon-clone\\functions\\node_modules\\firebase-admin\\lib\\index.js"} {"metadata":{"emulator":{"name":"functions"},"function":{"name":"us-central1-api"},"extension":{},"message":"[runtime-status] [12196] Resolved module firebase-admin {\"declared\":true,\"installed\":true,\"version\":\"10.3.0\",\"resolution\":\"C:\\\\Users\\\\Hp\\\\Desktop\\\\React\\\\Amazon Clone\\\\amazon-clone\\\\functions\\\\node_modules\\\\firebase-admin\\\\lib\\\\index.js\"}"}}
[debug] [2022-07-12T07:23:07.993Z] [runtime-status] [4160] Resolved module firebase-functions {"declared":true,"installed":true,"version":"3.22.0","resolution":"C:\\Users\\Hp\\Desktop\\React\\Amazon Clone\\amazon-clone\\functions\\node_modules\\firebase-functions\\lib\\index.js"} {"metadata":{"emulator":{"name":"functions"},"function":{"name":"us-central1-api"},"extension":{},"message":"[runtime-status] [4160] Resolved module firebase-functions {\"declared\":true,\"installed\":true,\"version\":\"3.22.0\",\"resolution\":\"C:\\\\Users\\\\Hp\\\\Desktop\\\\React\\\\Amazon Clone\\\\amazon-clone\\\\functions\\\\node_modules\\\\firebase-functions\\\\lib\\\\index.js\"}"}}
[debug] [2022-07-12T07:23:07.994Z] [runtime-status] [12196] Resolved module firebase-functions {"declared":true,"installed":true,"version":"3.22.0","resolution":"C:\\Users\\Hp\\Desktop\\React\\Amazon Clone\\amazon-clone\\functions\\node_modules\\firebase-functions\\lib\\index.js"} {"metadata":{"emulator":{"name":"functions"},"function":{"name":"us-central1-api"},"extension":{},"message":"[runtime-status] [12196] Resolved module firebase-functions {\"declared\":true,\"installed\":true,\"version\":\"3.22.0\",\"resolution\":\"C:\\\\Users\\\\Hp\\\\Desktop\\\\React\\\\Amazon Clone\\\\amazon-clone\\\\functions\\\\node_modules\\\\firebase-functions\\\\lib\\\\index.js\"}"}}
[debug] [2022-07-12T07:23:07.995Z] [runtime-status] [12196] Outgoing network have been stubbed. [{"name":"http","status":"mocked"},{"name":"http","status":"mocked"},{"name":"https","status":"mocked"},{"name":"https","status":"mocked"},{"name":"net","status":"mocked"}] {"metadata":{"emulator":{"name":"functions"},"function":{"name":"us-central1-api"},"extension":{},"message":"[runtime-status] [12196] Outgoing network have been stubbed. [{\"name\":\"http\",\"status\":\"mocked\"},{\"name\":\"http\",\"status\":\"mocked\"},{\"name\":\"https\",\"status\":\"mocked\"},{\"name\":\"https\",\"status\":\"mocked\"},{\"name\":\"net\",\"status\":\"mocked\"}]"}}
[debug] [2022-07-12T07:23:07.996Z] [runtime-status] [12196] Resolved module firebase-functions {"declared":true,"installed":true,"version":"3.22.0","resolution":"C:\\Users\\Hp\\Desktop\\React\\Amazon Clone\\amazon-clone\\functions\\node_modules\\firebase-functions\\lib\\index.js"} {"metadata":{"emulator":{"name":"functions"},"function":{"name":"us-central1-api"},"extension":{},"message":"[runtime-status] [12196] Resolved module firebase-functions {\"declared\":true,\"installed\":true,\"version\":\"3.22.0\",\"resolution\":\"C:\\\\Users\\\\Hp\\\\Desktop\\\\React\\\\Amazon Clone\\\\amazon-clone\\\\functions\\\\node_modules\\\\firebase-functions\\\\lib\\\\index.js\"}"}}
[debug] [2022-07-12T07:23:08.049Z] [runtime-status] [4160] Checked functions.config() {"config":{}} {"metadata":{"emulator":{"name":"functions"},"function":{"name":"us-central1-api"},"extension":{},"message":"[runtime-status] [4160] Checked functions.config() {\"config\":{}}"}}
[debug] [2022-07-12T07:23:08.050Z] [runtime-status] [4160] firebase-functions has been stubbed. {"functionsResolution":{"declared":true,"installed":true,"version":"3.22.0","resolution":"C:\\Users\\Hp\\Desktop\\React\\Amazon Clone\\amazon-clone\\functions\\node_modules\\firebase-functions\\lib\\index.js"}} {"metadata":{"emulator":{"name":"functions"},"function":{"name":"us-central1-api"},"extension":{},"message":"[runtime-status] [4160] firebase-functions has been stubbed. {\"functionsResolution\":{\"declared\":true,\"installed\":true,\"version\":\"3.22.0\",\"resolution\":\"C:\\\\Users\\\\Hp\\\\Desktop\\\\React\\\\Amazon Clone\\\\amazon-clone\\\\functions\\\\node_modules\\\\firebase-functions\\\\lib\\\\index.js\"}}"}}
[debug] [2022-07-12T07:23:08.051Z] [runtime-status] [4160] Resolved module firebase-functions {"declared":true,"installed":true,"version":"3.22.0","resolution":"C:\\Users\\Hp\\Desktop\\React\\Amazon Clone\\amazon-clone\\functions\\node_modules\\firebase-functions\\lib\\index.js"} {"metadata":{"emulator":{"name":"functions"},"function":{"name":"us-central1-api"},"extension":{},"message":"[runtime-status] [4160] Resolved module firebase-functions {\"declared\":true,\"installed\":true,\"version\":\"3.22.0\",\"resolution\":\"C:\\\\Users\\\\Hp\\\\Desktop\\\\React\\\\Amazon Clone\\\\amazon-clone\\\\functions\\\\node_modules\\\\firebase-functions\\\\lib\\\\index.js\"}"}}
[debug] [2022-07-12T07:23:08.052Z] [runtime-status] [12196] Checked functions.config() {"config":{}} {"metadata":{"emulator":{"name":"functions"},"function":{"name":"us-central1-api"},"extension":{},"message":"[runtime-status] [12196] Checked functions.config() {\"config\":{}}"}}
[debug] [2022-07-12T07:23:08.053Z] [runtime-status] [12196] firebase-functions has been stubbed. {"functionsResolution":{"declared":true,"installed":true,"version":"3.22.0","resolution":"C:\\Users\\Hp\\Desktop\\React\\Amazon Clone\\amazon-clone\\functions\\node_modules\\firebase-functions\\lib\\index.js"}} {"metadata":{"emulator":{"name":"functions"},"function":{"name":"us-central1-api"},"extension":{},"message":"[runtime-status] [12196] firebase-functions has been stubbed. {\"functionsResolution\":{\"declared\":true,\"installed\":true,\"version\":\"3.22.0\",\"resolution\":\"C:\\\\Users\\\\Hp\\\\Desktop\\\\React\\\\Amazon Clone\\\\amazon-clone\\\\functions\\\\node_modules\\\\firebase-functions\\\\lib\\\\index.js\"}}"}}
[debug] [2022-07-12T07:23:08.054Z] [runtime-status] [4160] Resolved module firebase-admin {"declared":true,"installed":true,"version":"10.3.0","resolution":"C:\\Users\\Hp\\Desktop\\React\\Amazon Clone\\amazon-clone\\functions\\node_modules\\firebase-admin\\lib\\index.js"} {"metadata":{"emulator":{"name":"functions"},"function":{"name":"us-central1-api"},"extension":{},"message":"[runtime-status] [4160] Resolved module firebase-admin {\"declared\":true,\"installed\":true,\"version\":\"10.3.0\",\"resolution\":\"C:\\\\Users\\\\Hp\\\\Desktop\\\\React\\\\Amazon Clone\\\\amazon-clone\\\\functions\\\\node_modules\\\\firebase-admin\\\\lib\\\\index.js\"}"}}
[debug] [2022-07-12T07:23:08.054Z] [runtime-status] [4160] Resolved module firebase-functions {"declared":true,"installed":true,"version":"3.22.0","resolution":"C:\\Users\\Hp\\Desktop\\React\\Amazon Clone\\amazon-clone\\functions\\node_modules\\firebase-functions\\lib\\index.js"} {"metadata":{"emulator":{"name":"functions"},"function":{"name":"us-central1-api"},"extension":{},"message":"[runtime-status] [4160] Resolved module firebase-functions {\"declared\":true,\"installed\":true,\"version\":\"3.22.0\",\"resolution\":\"C:\\\\Users\\\\Hp\\\\Desktop\\\\React\\\\Amazon Clone\\\\amazon-clone\\\\functions\\\\node_modules\\\\firebase-functions\\\\lib\\\\index.js\"}"}}
[debug] [2022-07-12T07:23:08.055Z] [runtime-status] [4160] firebase-admin has been stubbed. {"adminResolution":{"declared":true,"installed":true,"version":"10.3.0","resolution":"C:\\Users\\Hp\\Desktop\\React\\Amazon Clone\\amazon-clone\\functions\\node_modules\\firebase-admin\\lib\\index.js"}} {"metadata":{"emulator":{"name":"functions"},"function":{"name":"us-central1-api"},"extension":{},"message":"[runtime-status] [4160] firebase-admin has been stubbed. {\"adminResolution\":{\"declared\":true,\"installed\":true,\"version\":\"10.3.0\",\"resolution\":\"C:\\\\Users\\\\Hp\\\\Desktop\\\\React\\\\Amazon Clone\\\\amazon-clone\\\\functions\\\\node_modules\\\\firebase-admin\\\\lib\\\\index.js\"}}"}}
[debug] [2022-07-12T07:23:08.056Z] [runtime-status] [12196] Resolved module firebase-functions {"declared":true,"installed":true,"version":"3.22.0","resolution":"C:\\Users\\Hp\\Desktop\\React\\Amazon Clone\\amazon-clone\\functions\\node_modules\\firebase-functions\\lib\\index.js"} {"metadata":{"emulator":{"name":"functions"},"function":{"name":"us-central1-api"},"extension":{},"message":"[runtime-status] [12196] Resolved module firebase-functions {\"declared\":true,\"installed\":true,\"version\":\"3.22.0\",\"resolution\":\"C:\\\\Users\\\\Hp\\\\Desktop\\\\React\\\\Amazon Clone\\\\amazon-clone\\\\functions\\\\node_modules\\\\firebase-functions\\\\lib\\\\index.js\"}"}}
[debug] [2022-07-12T07:23:08.057Z] [runtime-status] [12196] Resolved module firebase-admin {"declared":true,"installed":true,"version":"10.3.0","resolution":"C:\\Users\\Hp\\Desktop\\React\\Amazon Clone\\amazon-clone\\functions\\node_modules\\firebase-admin\\lib\\index.js"} {"metadata":{"emulator":{"name":"functions"},"function":{"name":"us-central1-api"},"extension":{},"message":"[runtime-status] [12196] Resolved module firebase-admin {\"declared\":true,\"installed\":true,\"version\":\"10.3.0\",\"resolution\":\"C:\\\\Users\\\\Hp\\\\Desktop\\\\React\\\\Amazon Clone\\\\amazon-clone\\\\functions\\\\node_modules\\\\firebase-admin\\\\lib\\\\index.js\"}"}}
[debug] [2022-07-12T07:23:08.057Z] [runtime-status] [12196] Resolved module firebase-functions {"declared":true,"installed":true,"version":"3.22.0","resolution":"C:\\Users\\Hp\\Desktop\\React\\Amazon Clone\\amazon-clone\\functions\\node_modules\\firebase-functions\\lib\\index.js"} {"metadata":{"emulator":{"name":"functions"},"function":{"name":"us-central1-api"},"extension":{},"message":"[runtime-status] [12196] Resolved module firebase-functions {\"declared\":true,\"installed\":true,\"version\":\"3.22.0\",\"resolution\":\"C:\\\\Users\\\\Hp\\\\Desktop\\\\React\\\\Amazon Clone\\\\amazon-clone\\\\functions\\\\node_modules\\\\firebase-functions\\\\lib\\\\index.js\"}"}}
[debug] [2022-07-12T07:23:08.058Z] [runtime-status] [12196] firebase-admin has been stubbed. {"adminResolution":{"declared":true,"installed":true,"version":"10.3.0","resolution":"C:\\Users\\Hp\\Desktop\\React\\Amazon Clone\\amazon-clone\\functions\\node_modules\\firebase-admin\\lib\\index.js"}} {"metadata":{"emulator":{"name":"functions"},"function":{"name":"us-central1-api"},"extension":{},"message":"[runtime-status] [12196] firebase-admin has been stubbed. {\"adminResolution\":{\"declared\":true,\"installed\":true,\"version\":\"10.3.0\",\"resolution\":\"C:\\\\Users\\\\Hp\\\\Desktop\\\\React\\\\Amazon Clone\\\\amazon-clone\\\\functions\\\\node_modules\\\\firebase-admin\\\\lib\\\\index.js\"}}"}}
[debug] [2022-07-12T07:23:08.286Z] [runtime-status] [4160] Beginning invocation function api! {"metadata":{"emulator":{"name":"functions"},"function":{"name":"us-central1-api"},"extension":{},"message":"[runtime-status] [4160] Beginning invocation function api!"}}
[debug] [2022-07-12T07:23:08.287Z] [runtime-status] [12196] Beginning invocation function api! {"metadata":{"emulator":{"name":"functions"},"function":{"name":"us-central1-api"},"extension":{},"message":"[runtime-status] [12196] Beginning invocation function api!"}}
[info] i  functions: Beginning execution of "api" {"metadata":{"emulator":{"name":"functions"},"function":{"name":"us-central1-api"},"extension":{},"message":"Beginning execution of \"api\""}}
[debug] [2022-07-12T07:23:08.290Z] [runtime-status] [12196] Running api in signature http {"metadata":{"emulator":{"name":"functions"},"function":{"name":"us-central1-api"},"extension":{},"message":"[runtime-status] [12196] Running api in signature http"}}
[info] i  functions: Beginning execution of "api" {"metadata":{"emulator":{"name":"functions"},"function":{"name":"us-central1-api"},"extension":{},"message":"Beginning execution of \"api\""}}
[debug] [2022-07-12T07:23:08.293Z] [runtime-status] [4160] Running api in signature http {"metadata":{"emulator":{"name":"functions"},"function":{"name":"us-central1-api"},"extension":{},"message":"[runtime-status] [4160] Running api in signature http"}}
[debug] [2022-07-12T07:23:08.295Z] [runtime-status] [4160] Attempting to listen to socketPath: \\?\pipe\C:\Users\Hp\Desktop\React\Amazon Clone\amazon-clone\functions\4160 {"metadata":{"emulator":{"name":"functions"},"function":{"name":"us-central1-api"},"extension":{},"message":"[runtime-status] [4160] Attempting to listen to socketPath: \\\\?\\pipe\\C:\\Users\\Hp\\Desktop\\React\\Amazon Clone\\amazon-clone\\functions\\4160"}}
[debug] [2022-07-12T07:23:08.296Z] [runtime-status] [12196] Attempting to listen to socketPath: \\?\pipe\C:\Users\Hp\Desktop\React\Amazon Clone\amazon-clone\functions\12196 {"metadata":{"emulator":{"name":"functions"},"function":{"name":"us-central1-api"},"extension":{},"message":"[runtime-status] [12196] Attempting to listen to socketPath: \\\\?\\pipe\\C:\\Users\\Hp\\Desktop\\React\\Amazon Clone\\amazon-clone\\functions\\12196"}}
[debug] [2022-07-12T07:23:08.301Z] [functions] Runtime ready! Sending request! {"metadata":{"emulator":{"name":"functions"},"message":"[functions] Runtime ready! Sending request!"}}
[debug] [2022-07-12T07:23:08.302Z] [functions] Got req.url=/clone-e3c83/us-central1/api/payments/create?total=30398, mapping to path=/payments/create?total=30398 {"metadata":{"emulator":{"name":"functions"},"message":"[functions] Got req.url=/clone-e3c83/us-central1/api/payments/create?total=30398, mapping to path=/payments/create?total=30398"}}
[debug] [2022-07-12T07:23:08.307Z] [functions] Runtime ready! Sending request! {"metadata":{"emulator":{"name":"functions"},"message":"[functions] Runtime ready! Sending request!"}}
[debug] [2022-07-12T07:23:08.308Z] [functions] Got req.url=/clone-e3c83/us-central1/api/payments/create?total=30398, mapping to path=/payments/create?total=30398 {"metadata":{"emulator":{"name":"functions"},"message":"[functions] Got req.url=/clone-e3c83/us-central1/api/payments/create?total=30398, mapping to path=/payments/create?total=30398"}}
[debug] [2022-07-12T07:23:08.315Z] [runtime-status] [12196] Ephemeral server handling POST request {"metadata":{"emulator":{"name":"functions"},"function":{"name":"us-central1-api"},"extension":{},"message":"[runtime-status] [12196] Ephemeral server handling POST request"}}
[debug] [2022-07-12T07:23:08.318Z] [runtime-status] [4160] Ephemeral server handling POST request {"metadata":{"emulator":{"name":"functions"},"function":{"name":"us-central1-api"},"extension":{},"message":"[runtime-status] [4160] Ephemeral server handling POST request"}}
[info] >  Payment req received  30398 {"user":"Payment req received  30398","metadata":{"emulator":{"name":"functions"},"function":{"name":"us-central1-api"},"extension":{},"message":"\u001b[90m> \u001b[39m Payment req received  30398"}}
[info] >  Payment req received  30398 {"user":"Payment req received  30398","metadata":{"emulator":{"name":"functions"},"function":{"name":"us-central1-api"},"extension":{},"message":"\u001b[90m> \u001b[39m Payment req received  30398"}}
[debug] [2022-07-12T07:23:08.335Z] [runtime-status] [12196] Ephemeral server survived. {"metadata":{"emulator":{"name":"functions"},"function":{"name":"us-central1-api"},"extension":{},"message":"[runtime-status] [12196] Ephemeral server survived."}}
[debug] [2022-07-12T07:23:08.346Z] [runtime-status] [4160] Ephemeral server survived. {"metadata":{"emulator":{"name":"functions"},"function":{"name":"us-central1-api"},"extension":{},"message":"[runtime-status] [4160] Ephemeral server survived."}}
[info] i  functions: Finished "api" in ~1s {"metadata":{"emulator":{"name":"functions"},"function":{"name":"us-central1-api"},"extension":{},"message":"Finished \"api\" in ~1s"}}
[debug] [2022-07-12T07:23:09.347Z] [worker-us-central1-api-c520b7dd-4574-4b75-9914-3e6eee8df1af]: IDLE {"metadata":{"emulator":{"name":"functions"},"message":"[worker-us-central1-api-c520b7dd-4574-4b75-9914-3e6eee8df1af]: IDLE"}}
[debug] [2022-07-12T07:23:09.348Z] [work-queue] {"queueLength":0,"workRunningCount":1}
[info] i  functions: Finished "api" in ~1s {"metadata":{"emulator":{"name":"functions"},"function":{"name":"us-central1-api"},"extension":{},"message":"Finished \"api\" in ~1s"}}
[debug] [2022-07-12T07:23:09.351Z] [worker-us-central1-api-d0b1e915-af33-409f-9d9e-7e8096db1916]: IDLE {"metadata":{"emulator":{"name":"functions"},"message":"[worker-us-central1-api-d0b1e915-af33-409f-9d9e-7e8096db1916]: IDLE"}}
[debug] [2022-07-12T07:23:09.352Z] [work-queue] {"queueLength":0,"workRunningCount":0}
[debug] [2022-07-12T13:50:05.515Z] [work-queue] {"queueLength":1,"workRunningCount":0}
[debug] [2022-07-12T13:50:05.516Z] [work-queue] {"queueLength":0,"workRunningCount":1}
[debug] [2022-07-12T13:50:05.517Z] Accepted request POST /clone-e3c83/us-central1/api/payments/create?total=42497 --> us-central1-api
[debug] [2022-07-12T13:50:05.519Z] [worker-pool] submitWork(triggerId=us-central1-api) {"metadata":{"emulator":{"name":"functions"},"message":"[worker-pool] submitWork(triggerId=us-central1-api)"}}
[debug] [2022-07-12T13:50:05.520Z] [worker-us-central1-api-d0b1e915-af33-409f-9d9e-7e8096db1916]: Assigning socketPath: \\?\pipe\C:\Users\Hp\Desktop\React\Amazon Clone\amazon-clone\functions\12196 {"metadata":{"emulator":{"name":"functions"},"message":"[worker-us-central1-api-d0b1e915-af33-409f-9d9e-7e8096db1916]: Assigning socketPath: \\\\?\\pipe\\C:\\Users\\Hp\\Desktop\\React\\Amazon Clone\\amazon-clone\\functions\\12196"}}
[debug] [2022-07-12T13:50:05.521Z] [worker-us-central1-api-d0b1e915-af33-409f-9d9e-7e8096db1916]: BUSY {"metadata":{"emulator":{"name":"functions"},"message":"[worker-us-central1-api-d0b1e915-af33-409f-9d9e-7e8096db1916]: BUSY"}}
[debug] [2022-07-12T13:50:05.528Z] [work-queue] {"queueLength":1,"workRunningCount":1}
[debug] [2022-07-12T13:50:05.529Z] [work-queue] {"queueLength":0,"workRunningCount":2}
[debug] [2022-07-12T13:50:05.529Z] Accepted request POST /clone-e3c83/us-central1/api/payments/create?total=42497 --> us-central1-api
[debug] [2022-07-12T13:50:05.529Z] [worker-pool] submitWork(triggerId=us-central1-api) {"metadata":{"emulator":{"name":"functions"},"message":"[worker-pool] submitWork(triggerId=us-central1-api)"}}
[debug] [2022-07-12T13:50:05.530Z] [worker-us-central1-api-c520b7dd-4574-4b75-9914-3e6eee8df1af]: Assigning socketPath: \\?\pipe\C:\Users\Hp\Desktop\React\Amazon Clone\amazon-clone\functions\4160 {"metadata":{"emulator":{"name":"functions"},"message":"[worker-us-central1-api-c520b7dd-4574-4b75-9914-3e6eee8df1af]: Assigning socketPath: \\\\?\\pipe\\C:\\Users\\Hp\\Desktop\\React\\Amazon Clone\\amazon-clone\\functions\\4160"}}
[debug] [2022-07-12T13:50:05.530Z] [worker-us-central1-api-c520b7dd-4574-4b75-9914-3e6eee8df1af]: BUSY {"metadata":{"emulator":{"name":"functions"},"message":"[worker-us-central1-api-c520b7dd-4574-4b75-9914-3e6eee8df1af]: BUSY"}}
[debug] [2022-07-12T13:50:05.580Z] [runtime-status] [12196] Beginning invocation function api! {"metadata":{"emulator":{"name":"functions"},"function":{"name":"us-central1-api"},"extension":{},"message":"[runtime-status] [12196] Beginning invocation function api!"}}
[debug] [2022-07-12T13:50:05.582Z] [runtime-status] [4160] Beginning invocation function api! {"metadata":{"emulator":{"name":"functions"},"function":{"name":"us-central1-api"},"extension":{},"message":"[runtime-status] [4160] Beginning invocation function api!"}}
[info] i  functions: Beginning execution of "api" {"metadata":{"emulator":{"name":"functions"},"function":{"name":"us-central1-api"},"extension":{},"message":"Beginning execution of \"api\""}}
[info] i  functions: Beginning execution of "api" {"metadata":{"emulator":{"name":"functions"},"function":{"name":"us-central1-api"},"extension":{},"message":"Beginning execution of \"api\""}}
[debug] [2022-07-12T13:50:05.596Z] [runtime-status] [4160] Running api in signature http {"metadata":{"emulator":{"name":"functions"},"function":{"name":"us-central1-api"},"extension":{},"message":"[runtime-status] [4160] Running api in signature http"}}
[debug] [2022-07-12T13:50:05.597Z] [runtime-status] [12196] Running api in signature http {"metadata":{"emulator":{"name":"functions"},"function":{"name":"us-central1-api"},"extension":{},"message":"[runtime-status] [12196] Running api in signature http"}}
[debug] [2022-07-12T13:50:05.625Z] [runtime-status] [12196] Attempting to listen to socketPath: \\?\pipe\C:\Users\Hp\Desktop\React\Amazon Clone\amazon-clone\functions\12196 {"metadata":{"emulator":{"name":"functions"},"function":{"name":"us-central1-api"},"extension":{},"message":"[runtime-status] [12196] Attempting to listen to socketPath: \\\\?\\pipe\\C:\\Users\\Hp\\Desktop\\React\\Amazon Clone\\amazon-clone\\functions\\12196"}}
[debug] [2022-07-12T13:50:05.626Z] [runtime-status] [4160] Attempting to listen to socketPath: \\?\pipe\C:\Users\Hp\Desktop\React\Amazon Clone\amazon-clone\functions\4160 {"metadata":{"emulator":{"name":"functions"},"function":{"name":"us-central1-api"},"extension":{},"message":"[runtime-status] [4160] Attempting to listen to socketPath: \\\\?\\pipe\\C:\\Users\\Hp\\Desktop\\React\\Amazon Clone\\amazon-clone\\functions\\4160"}}
[debug] [2022-07-12T13:50:05.650Z] [functions] Runtime ready! Sending request! {"metadata":{"emulator":{"name":"functions"},"message":"[functions] Runtime ready! Sending request!"}}
[debug] [2022-07-12T13:50:05.652Z] [functions] Got req.url=/clone-e3c83/us-central1/api/payments/create?total=42497, mapping to path=/payments/create?total=42497 {"metadata":{"emulator":{"name":"functions"},"message":"[functions] Got req.url=/clone-e3c83/us-central1/api/payments/create?total=42497, mapping to path=/payments/create?total=42497"}}
[debug] [2022-07-12T13:50:05.660Z] [functions] Runtime ready! Sending request! {"metadata":{"emulator":{"name":"functions"},"message":"[functions] Runtime ready! Sending request!"}}
[debug] [2022-07-12T13:50:05.661Z] [functions] Got req.url=/clone-e3c83/us-central1/api/payments/create?total=42497, mapping to path=/payments/create?total=42497 {"metadata":{"emulator":{"name":"functions"},"message":"[functions] Got req.url=/clone-e3c83/us-central1/api/payments/create?total=42497, mapping to path=/payments/create?total=42497"}}
[debug] [2022-07-12T13:50:05.681Z] [runtime-status] [4160] Ephemeral server handling POST request {"metadata":{"emulator":{"name":"functions"},"function":{"name":"us-central1-api"},"extension":{},"message":"[runtime-status] [4160] Ephemeral server handling POST request"}}
[debug] [2022-07-12T13:50:05.688Z] [runtime-status] [12196] Ephemeral server handling POST request {"metadata":{"emulator":{"name":"functions"},"function":{"name":"us-central1-api"},"extension":{},"message":"[runtime-status] [12196] Ephemeral server handling POST request"}}
[info] >  Payment req received  42497 {"user":"Payment req received  42497","metadata":{"emulator":{"name":"functions"},"function":{"name":"us-central1-api"},"extension":{},"message":"\u001b[90m> \u001b[39m Payment req received  42497"}}
[info] >  Payment req received  42497 {"user":"Payment req received  42497","metadata":{"emulator":{"name":"functions"},"function":{"name":"us-central1-api"},"extension":{},"message":"\u001b[90m> \u001b[39m Payment req received  42497"}}
[debug] [2022-07-12T13:50:05.726Z] [runtime-status] [4160] Ephemeral server survived. {"metadata":{"emulator":{"name":"functions"},"function":{"name":"us-central1-api"},"extension":{},"message":"[runtime-status] [4160] Ephemeral server survived."}}
[debug] [2022-07-12T13:50:05.732Z] [runtime-status] [12196] Ephemeral server survived. {"metadata":{"emulator":{"name":"functions"},"function":{"name":"us-central1-api"},"extension":{},"message":"[runtime-status] [12196] Ephemeral server survived."}}
[info] i  functions: Finished "api" in ~1s {"metadata":{"emulator":{"name":"functions"},"function":{"name":"us-central1-api"},"extension":{},"message":"Finished \"api\" in ~1s"}}
[debug] [2022-07-12T13:50:06.768Z] [worker-us-central1-api-d0b1e915-af33-409f-9d9e-7e8096db1916]: IDLE {"metadata":{"emulator":{"name":"functions"},"message":"[worker-us-central1-api-d0b1e915-af33-409f-9d9e-7e8096db1916]: IDLE"}}
[debug] [2022-07-12T13:50:06.769Z] [work-queue] {"queueLength":0,"workRunningCount":1}
[info] i  functions: Finished "api" in ~1s {"metadata":{"emulator":{"name":"functions"},"function":{"name":"us-central1-api"},"extension":{},"message":"Finished \"api\" in ~1s"}}
[debug] [2022-07-12T13:50:06.772Z] [worker-us-central1-api-c520b7dd-4574-4b75-9914-3e6eee8df1af]: IDLE {"metadata":{"emulator":{"name":"functions"},"message":"[worker-us-central1-api-c520b7dd-4574-4b75-9914-3e6eee8df1af]: IDLE"}}
[debug] [2022-07-12T13:50:06.772Z] [work-queue] {"queueLength":0,"workRunningCount":0}
